dedispersing....
Max DM delay: 7783
Total Dedisp output samples: 67495056
Dedispersing samples 0 to 1000000 of 67495056
Loading filterbank gulp, start = 0 nsamples = 1000000
Loaded 1000000 samples
Trials total size: 5399604480 bytes
Performing transpose/merge of Dedisp output samples
Dedispersing samples 992217 to 1992217 of 67495056
Loading filterbank gulp, start = 992217 nsamples = 1000000
Loaded 1000000 samples
Trials total size: 5399604480 bytes
Performing transpose/merge of Dedisp output samples
Dedispersing samples 1984434 to 2984434 of 67495056
Loading filterbank gulp, start = 1984434 nsamples = 1000000
Loaded 1000000 samples
Trials total size: 5399604480 bytes
Performing transpose/merge of Dedisp output samples
Dedispersing samples 2976651 to 3976651 of 67495056
Loading filterbank gulp, start = 2976651 nsamples = 1000000
Loaded 1000000 samples
Trials total size: 5399604480 bytes
Performing transpose/merge of Dedisp output samples
Dedispersing samples 3968868 to 4968868 of 67495056
Loading filterbank gulp, start = 3968868 nsamples = 1000000
Loaded 1000000 samples
Trials total size: 5399604480 bytes
Performing transpose/merge of Dedisp output samples
Dedispersing samples 4961085 to 5961085 of 67495056
Loading filterbank gulp, start = 4961085 nsamples = 1000000
Loaded 1000000 samples
Trials total size: 5399604480 bytes
Performing transpose/merge of Dedisp output samples
Dedispersing samples 5953302 to 6953302 of 67495056
Loading filterbank gulp, start = 5953302 nsamples = 1000000
Loaded 1000000 samples
Trials total size: 5399604480 bytes
Performing transpose/merge of Dedisp output samples
Dedispersing samples 6945519 to 7945519 of 67495056
Loading filterbank gulp, start = 6945519 nsamples = 1000000
Loaded 1000000 samples
Trials total size: 5399604480 bytes
Performing transpose/merge of Dedisp output samples
Dedispersing samples 7937736 to 8937736 of 67495056
Loading filterbank gulp, start = 7937736 nsamples = 1000000
Loaded 1000000 samples
Trials total size: 5399604480 bytes
Performing transpose/merge of Dedisp output samples
Dedispersing samples 8929953 to 9929953 of 67495056
Loading filterbank gulp, start = 8929953 nsamples = 1000000
Loaded 1000000 samples
Trials total size: 5399604480 bytes
Performing transpose/merge of Dedisp output samples
Dedispersing samples 9922170 to 10922170 of 67495056
Loading filterbank gulp, start = 9922170 nsamples = 1000000
Loaded 1000000 samples
Trials total size: 5399604480 bytes
Performing transpose/merge of Dedisp output samples
Dedispersing samples 10914387 to 11914387 of 67495056
Loading filterbank gulp, start = 10914387 nsamples = 1000000
Loaded 1000000 samples
Trials total size: 5399604480 bytes
Performing transpose/merge of Dedisp output samples
Dedispersing samples 11906604 to 12906604 of 67495056
Loading filterbank gulp, start = 11906604 nsamples = 1000000
Loaded 1000000 samples
Trials total size: 5399604480 bytes
Performing transpose/merge of Dedisp output samples
Dedispersing samples 12898821 to 13898821 of 67495056
Loading filterbank gulp, start = 12898821 nsamples = 1000000
Loaded 1000000 samples
Trials total size: 5399604480 bytes
Performing transpose/merge of Dedisp output samples
Dedispersing samples 13891038 to 14891038 of 67495056
Loading filterbank gulp, start = 13891038 nsamples = 1000000
Loaded 1000000 samples
Trials total size: 5399604480 bytes
Performing transpose/merge of Dedisp output samples
Dedispersing samples 14883255 to 15883255 of 67495056
Loading filterbank gulp, start = 14883255 nsamples = 1000000
Loaded 1000000 samples
Trials total size: 5399604480 bytes
Performing transpose/merge of Dedisp output samples
Dedispersing samples 15875472 to 16875472 of 67495056
Loading filterbank gulp, start = 15875472 nsamples = 1000000
Loaded 1000000 samples
Trials total size: 5399604480 bytes
Performing transpose/merge of Dedisp output samples
Dedispersing samples 16867689 to 17867689 of 67495056
Loading filterbank gulp, start = 16867689 nsamples = 1000000
Loaded 1000000 samples
Trials total size: 5399604480 bytes
Performing transpose/merge of Dedisp output samples
Dedispersing samples 17859906 to 18859906 of 67495056
Loading filterbank gulp, start = 17859906 nsamples = 1000000
Loaded 1000000 samples
Trials total size: 5399604480 bytes
Performing transpose/merge of Dedisp output samples
Dedispersing samples 18852123 to 19852123 of 67495056
Loading filterbank gulp, start = 18852123 nsamples = 1000000
Loaded 1000000 samples
Trials total size: 5399604480 bytes
Performing transpose/merge of Dedisp output samples
Dedispersing samples 19844340 to 20844340 of 67495056
Loading filterbank gulp, start = 19844340 nsamples = 1000000
Loaded 1000000 samples
Trials total size: 5399604480 bytes
Performing transpose/merge of Dedisp output samples
Dedispersing samples 20836557 to 21836557 of 67495056
Loading filterbank gulp, start = 20836557 nsamples = 1000000
Loaded 1000000 samples
Trials total size: 5399604480 bytes
Performing transpose/merge of Dedisp output samples
Dedispersing samples 21828774 to 22828774 of 67495056
Loading filterbank gulp, start = 21828774 nsamples = 1000000
Loaded 1000000 samples
Trials total size: 5399604480 bytes
Performing transpose/merge of Dedisp output samples
Dedispersing samples 22820991 to 23820991 of 67495056
Loading filterbank gulp, start = 22820991 nsamples = 1000000
Loaded 1000000 samples
Trials total size: 5399604480 bytes
Performing transpose/merge of Dedisp output samples
Dedispersing samples 23813208 to 24813208 of 67495056
Loading filterbank gulp, start = 23813208 nsamples = 1000000
Loaded 1000000 samples
Trials total size: 5399604480 bytes
Performing transpose/merge of Dedisp output samples
Dedispersing samples 24805425 to 25805425 of 67495056
Loading filterbank gulp, start = 24805425 nsamples = 1000000
Loaded 1000000 samples
Trials total size: 5399604480 bytes
Performing transpose/merge of Dedisp output samples
Dedispersing samples 25797642 to 26797642 of 67495056
Loading filterbank gulp, start = 25797642 nsamples = 1000000
Loaded 1000000 samples
Trials total size: 5399604480 bytes
Performing transpose/merge of Dedisp output samples
Dedispersing samples 26789859 to 27789859 of 67495056
Loading filterbank gulp, start = 26789859 nsamples = 1000000
Loaded 1000000 samples
Trials total size: 5399604480 bytes
Performing transpose/merge of Dedisp output samples
Dedispersing samples 27782076 to 28782076 of 67495056
Loading filterbank gulp, start = 27782076 nsamples = 1000000
Loaded 1000000 samples
Trials total size: 5399604480 bytes
Performing transpose/merge of Dedisp output samples
Dedispersing samples 28774293 to 29774293 of 67495056
Loading filterbank gulp, start = 28774293 nsamples = 1000000
Loaded 1000000 samples
Trials total size: 5399604480 bytes
Performing transpose/merge of Dedisp output samples
Dedispersing samples 29766510 to 30766510 of 67495056
Loading filterbank gulp, start = 29766510 nsamples = 1000000
Loaded 1000000 samples
Trials total size: 5399604480 bytes
Performing transpose/merge of Dedisp output samples
Dedispersing samples 30758727 to 31758727 of 67495056
Loading filterbank gulp, start = 30758727 nsamples = 1000000
Loaded 1000000 samples
Trials total size: 5399604480 bytes
Performing transpose/merge of Dedisp output samples
Dedispersing samples 31750944 to 32750944 of 67495056
Loading filterbank gulp, start = 31750944 nsamples = 1000000
Loaded 1000000 samples
Trials total size: 5399604480 bytes
Performing transpose/merge of Dedisp output samples
Dedispersing samples 32743161 to 33743161 of 67495056
Loading filterbank gulp, start = 32743161 nsamples = 1000000
Loaded 1000000 samples
Trials total size: 5399604480 bytes
Performing transpose/merge of Dedisp output samples
Dedispersing samples 33735378 to 34735378 of 67495056
Loading filterbank gulp, start = 33735378 nsamples = 1000000
Loaded 1000000 samples
Trials total size: 5399604480 bytes
Performing transpose/merge of Dedisp output samples
Dedispersing samples 34727595 to 35727595 of 67495056
Loading filterbank gulp, start = 34727595 nsamples = 1000000
Loaded 1000000 samples
Trials total size: 5399604480 bytes
Performing transpose/merge of Dedisp output samples
Dedispersing samples 35719812 to 36719812 of 67495056
Loading filterbank gulp, start = 35719812 nsamples = 1000000
Loaded 1000000 samples
Trials total size: 5399604480 bytes
Performing transpose/merge of Dedisp output samples
Dedispersing samples 36712029 to 37712029 of 67495056
Loading filterbank gulp, start = 36712029 nsamples = 1000000
Loaded 1000000 samples
Trials total size: 5399604480 bytes
Performing transpose/merge of Dedisp output samples
Dedispersing samples 37704246 to 38704246 of 67495056
Loading filterbank gulp, start = 37704246 nsamples = 1000000
